<?xml version="1.0" encoding="UTF-8"?>
<testsuite xmlns:xsi="http://www.w3.org/2001/XMLSchema-instance" xsi:noNamespaceSchemaLocation="https://maven.apache.org/surefire/maven-surefire-plugin/xsd/surefire-test-report-3.0.xsd" version="3.0" name="com.udacity.catpoint.SecurityTest" time="0.3" tests="2" errors="0" skipped="0" failures="1">
  <properties>
    <property name="java.specification.version" value="18"/>
    <property name="sun.cpu.isalist" value="amd64"/>
    <property name="sun.jnu.encoding" value="Cp1252"/>
    <property name="java.class.path" value="C:\Users\Peyton\IdeaProjects\catpoint-parent\Security\target\test-classes;C:\Users\Peyton\.m2\repository\junit\junit\4.13.2\junit-4.13.2.jar;C:\Users\Peyton\.m2\repository\org\hamcrest\hamcrest-core\1.3\hamcrest-core-1.3.jar;C:\Users\Peyton\.m2\repository\org\testng\testng\7.6.1\testng-7.6.1.jar;C:\Users\Peyton\.m2\repository\com\google\code\findbugs\jsr305\3.0.2\jsr305-3.0.2.jar;C:\Users\Peyton\.m2\repository\org\slf4j\slf4j-api\1.7.36\slf4j-api-1.7.36.jar;C:\Users\Peyton\.m2\repository\com\beust\jcommander\1.82\jcommander-1.82.jar;C:\Users\Peyton\.m2\repository\org\webjars\jquery\3.6.0\jquery-3.6.0.jar;C:\Users\Peyton\.m2\repository\software\amazon\awssdk\auth\2.17.229\auth-2.17.229.jar;C:\Users\Peyton\.m2\repository\software\amazon\awssdk\annotations\2.17.229\annotations-2.17.229.jar;C:\Users\Peyton\.m2\repository\software\amazon\awssdk\utils\2.17.229\utils-2.17.229.jar;C:\Users\Peyton\.m2\repository\org\reactivestreams\reactive-streams\1.0.3\reactive-streams-1.0.3.jar;C:\Users\Peyton\.m2\repository\software\amazon\awssdk\sdk-core\2.17.229\sdk-core-2.17.229.jar;C:\Users\Peyton\.m2\repository\software\amazon\awssdk\regions\2.17.229\regions-2.17.229.jar;C:\Users\Peyton\.m2\repository\software\amazon\awssdk\profiles\2.17.229\profiles-2.17.229.jar;C:\Users\Peyton\.m2\repository\software\amazon\awssdk\http-client-spi\2.17.229\http-client-spi-2.17.229.jar;C:\Users\Peyton\.m2\repository\software\amazon\awssdk\json-utils\2.17.229\json-utils-2.17.229.jar;C:\Users\Peyton\.m2\repository\software\amazon\awssdk\third-party-jackson-core\2.17.229\third-party-jackson-core-2.17.229.jar;C:\Users\Peyton\.m2\repository\software\amazon\eventstream\eventstream\1.0.1\eventstream-1.0.1.jar;C:\Users\Peyton\.m2\repository\software\amazon\awssdk\rekognition\2.17.229\rekognition-2.17.229.jar;C:\Users\Peyton\.m2\repository\software\amazon\awssdk\aws-json-protocol\2.17.229\aws-json-protocol-2.17.229.jar;C:\Users\Peyton\.m2\repository\software\amazon\awssdk\protocol-core\2.17.229\protocol-core-2.17.229.jar;C:\Users\Peyton\.m2\repository\software\amazon\awssdk\aws-core\2.17.229\aws-core-2.17.229.jar;C:\Users\Peyton\.m2\repository\software\amazon\awssdk\metrics-spi\2.17.229\metrics-spi-2.17.229.jar;C:\Users\Peyton\.m2\repository\software\amazon\awssdk\apache-client\2.17.229\apache-client-2.17.229.jar;C:\Users\Peyton\.m2\repository\org\apache\httpcomponents\httpclient\4.5.13\httpclient-4.5.13.jar;C:\Users\Peyton\.m2\repository\commons-logging\commons-logging\1.2\commons-logging-1.2.jar;C:\Users\Peyton\.m2\repository\commons-codec\commons-codec\1.11\commons-codec-1.11.jar;C:\Users\Peyton\.m2\repository\org\apache\httpcomponents\httpcore\4.4.13\httpcore-4.4.13.jar;C:\Users\Peyton\.m2\repository\software\amazon\awssdk\netty-nio-client\2.17.229\netty-nio-client-2.17.229.jar;C:\Users\Peyton\.m2\repository\io\netty\netty-codec-http\4.1.77.Final\netty-codec-http-4.1.77.Final.jar;C:\Users\Peyton\.m2\repository\io\netty\netty-codec-http2\4.1.77.Final\netty-codec-http2-4.1.77.Final.jar;C:\Users\Peyton\.m2\repository\io\netty\netty-codec\4.1.77.Final\netty-codec-4.1.77.Final.jar;C:\Users\Peyton\.m2\repository\io\netty\netty-transport\4.1.77.Final\netty-transport-4.1.77.Final.jar;C:\Users\Peyton\.m2\repository\io\netty\netty-resolver\4.1.77.Final\netty-resolver-4.1.77.Final.jar;C:\Users\Peyton\.m2\repository\io\netty\netty-common\4.1.77.Final\netty-common-4.1.77.Final.jar;C:\Users\Peyton\.m2\repository\io\netty\netty-buffer\4.1.77.Final\netty-buffer-4.1.77.Final.jar;C:\Users\Peyton\.m2\repository\io\netty\netty-handler\4.1.77.Final\netty-handler-4.1.77.Final.jar;C:\Users\Peyton\.m2\repository\io\netty\netty-transport-classes-epoll\4.1.77.Final\netty-transport-classes-epoll-4.1.77.Final.jar;C:\Users\Peyton\.m2\repository\io\netty\netty-transport-native-unix-common\4.1.77.Final\netty-transport-native-unix-common-4.1.77.Final.jar;C:\Users\Peyton\.m2\repository\com\google\guava\failureaccess\1.0.1\failureaccess-1.0.1.jar;C:\Users\Peyton\.m2\repository\com\google\guava\listenablefuture\9999.0-empty-to-avoid-conflict-with-guava\listenablefuture-9999.0-empty-to-avoid-conflict-with-guava.jar;C:\Users\Peyton\.m2\repository\org\checkerframework\checker-qual\3.12.0\checker-qual-3.12.0.jar;C:\Users\Peyton\.m2\repository\com\google\errorprone\error_prone_annotations\2.11.0\error_prone_annotations-2.11.0.jar;C:\Users\Peyton\.m2\repository\com\google\j2objc\j2objc-annotations\1.3\j2objc-annotations-1.3.jar;C:\Users\Peyton\.m2\repository\com\miglayout\miglayout-swing\11.0\miglayout-swing-11.0.jar;C:\Users\Peyton\.m2\repository\com\miglayout\miglayout-core\11.0\miglayout-core-11.0.jar;"/>
    <property name="java.vm.vendor" value="Oracle Corporation"/>
    <property name="sun.arch.data.model" value="64"/>
    <property name="user.variant" value=""/>
    <property name="java.vendor.url" value="https://java.oracle.com/"/>
    <property name="user.timezone" value="America/Los_Angeles"/>
    <property name="os.name" value="Windows 11"/>
    <property name="java.vm.specification.version" value="18"/>
    <property name="sun.java.launcher" value="SUN_STANDARD"/>
    <property name="user.country" value="US"/>
    <property name="sun.boot.library.path" value="C:\Program Files\Java\jdk-18.0.2\bin"/>
    <property name="sun.java.command" value="org.apache.maven.surefire.booter.ForkedBooter C:\Users\Peyton\AppData\Local\Temp\surefire2150586253254721397 2022-08-06T12-45-17_425-jvmRun1 surefire-20220806124520630_4tmp surefire_1-20220806124520630_5tmp"/>
    <property name="jdk.debug" value="release"/>
    <property name="surefire.test.class.path" value="C:\Users\Peyton\IdeaProjects\catpoint-parent\Security\target\test-classes;C:\Users\Peyton\.m2\repository\junit\junit\4.13.2\junit-4.13.2.jar;C:\Users\Peyton\.m2\repository\org\hamcrest\hamcrest-core\1.3\hamcrest-core-1.3.jar;C:\Users\Peyton\.m2\repository\org\testng\testng\7.6.1\testng-7.6.1.jar;C:\Users\Peyton\.m2\repository\com\google\code\findbugs\jsr305\3.0.2\jsr305-3.0.2.jar;C:\Users\Peyton\.m2\repository\org\slf4j\slf4j-api\1.7.36\slf4j-api-1.7.36.jar;C:\Users\Peyton\.m2\repository\com\beust\jcommander\1.82\jcommander-1.82.jar;C:\Users\Peyton\.m2\repository\org\webjars\jquery\3.6.0\jquery-3.6.0.jar;C:\Users\Peyton\.m2\repository\software\amazon\awssdk\auth\2.17.229\auth-2.17.229.jar;C:\Users\Peyton\.m2\repository\software\amazon\awssdk\annotations\2.17.229\annotations-2.17.229.jar;C:\Users\Peyton\.m2\repository\software\amazon\awssdk\utils\2.17.229\utils-2.17.229.jar;C:\Users\Peyton\.m2\repository\org\reactivestreams\reactive-streams\1.0.3\reactive-streams-1.0.3.jar;C:\Users\Peyton\.m2\repository\software\amazon\awssdk\sdk-core\2.17.229\sdk-core-2.17.229.jar;C:\Users\Peyton\.m2\repository\software\amazon\awssdk\regions\2.17.229\regions-2.17.229.jar;C:\Users\Peyton\.m2\repository\software\amazon\awssdk\profiles\2.17.229\profiles-2.17.229.jar;C:\Users\Peyton\.m2\repository\software\amazon\awssdk\http-client-spi\2.17.229\http-client-spi-2.17.229.jar;C:\Users\Peyton\.m2\repository\software\amazon\awssdk\json-utils\2.17.229\json-utils-2.17.229.jar;C:\Users\Peyton\.m2\repository\software\amazon\awssdk\third-party-jackson-core\2.17.229\third-party-jackson-core-2.17.229.jar;C:\Users\Peyton\.m2\repository\software\amazon\eventstream\eventstream\1.0.1\eventstream-1.0.1.jar;C:\Users\Peyton\.m2\repository\software\amazon\awssdk\rekognition\2.17.229\rekognition-2.17.229.jar;C:\Users\Peyton\.m2\repository\software\amazon\awssdk\aws-json-protocol\2.17.229\aws-json-protocol-2.17.229.jar;C:\Users\Peyton\.m2\repository\software\amazon\awssdk\protocol-core\2.17.229\protocol-core-2.17.229.jar;C:\Users\Peyton\.m2\repository\software\amazon\awssdk\aws-core\2.17.229\aws-core-2.17.229.jar;C:\Users\Peyton\.m2\repository\software\amazon\awssdk\metrics-spi\2.17.229\metrics-spi-2.17.229.jar;C:\Users\Peyton\.m2\repository\software\amazon\awssdk\apache-client\2.17.229\apache-client-2.17.229.jar;C:\Users\Peyton\.m2\repository\org\apache\httpcomponents\httpclient\4.5.13\httpclient-4.5.13.jar;C:\Users\Peyton\.m2\repository\commons-logging\commons-logging\1.2\commons-logging-1.2.jar;C:\Users\Peyton\.m2\repository\commons-codec\commons-codec\1.11\commons-codec-1.11.jar;C:\Users\Peyton\.m2\repository\org\apache\httpcomponents\httpcore\4.4.13\httpcore-4.4.13.jar;C:\Users\Peyton\.m2\repository\software\amazon\awssdk\netty-nio-client\2.17.229\netty-nio-client-2.17.229.jar;C:\Users\Peyton\.m2\repository\io\netty\netty-codec-http\4.1.77.Final\netty-codec-http-4.1.77.Final.jar;C:\Users\Peyton\.m2\repository\io\netty\netty-codec-http2\4.1.77.Final\netty-codec-http2-4.1.77.Final.jar;C:\Users\Peyton\.m2\repository\io\netty\netty-codec\4.1.77.Final\netty-codec-4.1.77.Final.jar;C:\Users\Peyton\.m2\repository\io\netty\netty-transport\4.1.77.Final\netty-transport-4.1.77.Final.jar;C:\Users\Peyton\.m2\repository\io\netty\netty-resolver\4.1.77.Final\netty-resolver-4.1.77.Final.jar;C:\Users\Peyton\.m2\repository\io\netty\netty-common\4.1.77.Final\netty-common-4.1.77.Final.jar;C:\Users\Peyton\.m2\repository\io\netty\netty-buffer\4.1.77.Final\netty-buffer-4.1.77.Final.jar;C:\Users\Peyton\.m2\repository\io\netty\netty-handler\4.1.77.Final\netty-handler-4.1.77.Final.jar;C:\Users\Peyton\.m2\repository\io\netty\netty-transport-classes-epoll\4.1.77.Final\netty-transport-classes-epoll-4.1.77.Final.jar;C:\Users\Peyton\.m2\repository\io\netty\netty-transport-native-unix-common\4.1.77.Final\netty-transport-native-unix-common-4.1.77.Final.jar;C:\Users\Peyton\.m2\repository\com\google\guava\failureaccess\1.0.1\failureaccess-1.0.1.jar;C:\Users\Peyton\.m2\repository\com\google\guava\listenablefuture\9999.0-empty-to-avoid-conflict-with-guava\listenablefuture-9999.0-empty-to-avoid-conflict-with-guava.jar;C:\Users\Peyton\.m2\repository\org\checkerframework\checker-qual\3.12.0\checker-qual-3.12.0.jar;C:\Users\Peyton\.m2\repository\com\google\errorprone\error_prone_annotations\2.11.0\error_prone_annotations-2.11.0.jar;C:\Users\Peyton\.m2\repository\com\google\j2objc\j2objc-annotations\1.3\j2objc-annotations-1.3.jar;C:\Users\Peyton\.m2\repository\com\miglayout\miglayout-swing\11.0\miglayout-swing-11.0.jar;C:\Users\Peyton\.m2\repository\com\miglayout\miglayout-core\11.0\miglayout-core-11.0.jar;"/>
    <property name="sun.cpu.endian" value="little"/>
    <property name="user.home" value="C:\Users\Peyton"/>
    <property name="user.language" value="en"/>
    <property name="java.specification.vendor" value="Oracle Corporation"/>
    <property name="jdk.module.path" value="C:\Users\Peyton\IdeaProjects\catpoint-parent\Security\target\classes;C:\Users\Peyton\.m2\repository\com\google\guava\guava\31.1-jre\guava-31.1-jre.jar;C:\Users\Peyton\.m2\repository\com\miglayout\miglayout\3.7.4\miglayout-3.7.4.jar;C:\Users\Peyton\.m2\repository\com\google\code\gson\gson\2.9.0\gson-2.9.0.jar"/>
    <property name="java.version.date" value="2022-07-19"/>
    <property name="java.home" value="C:\Program Files\Java\jdk-18.0.2"/>
    <property name="file.separator" value="\"/>
    <property name="basedir" value="C:\Users\Peyton\IdeaProjects\catpoint-parent\Security"/>
    <property name="java.vm.compressedOopsMode" value="Zero based"/>
    <property name="line.separator" value="&#10;"/>
    <property name="java.vm.specification.vendor" value="Oracle Corporation"/>
    <property name="java.specification.name" value="Java Platform API Specification"/>
    <property name="surefire.real.class.path" value="C:\Users\Peyton\.m2\repository\org\apache\maven\surefire\surefire-booter\3.0.0-M7\surefire-booter-3.0.0-M7.jar;C:\Users\Peyton\.m2\repository\org\apache\maven\surefire\surefire-api\3.0.0-M7\surefire-api-3.0.0-M7.jar;C:\Users\Peyton\.m2\repository\org\apache\maven\surefire\surefire-logger-api\3.0.0-M7\surefire-logger-api-3.0.0-M7.jar;C:\Users\Peyton\.m2\repository\org\apache\maven\surefire\surefire-shared-utils\3.0.0-M7\surefire-shared-utils-3.0.0-M7.jar;C:\Users\Peyton\.m2\repository\org\apache\maven\surefire\surefire-extensions-spi\3.0.0-M7\surefire-extensions-spi-3.0.0-M7.jar;C:\Users\Peyton\IdeaProjects\catpoint-parent\Security\target\test-classes;C:\Users\Peyton\.m2\repository\junit\junit\4.13.2\junit-4.13.2.jar;C:\Users\Peyton\.m2\repository\org\hamcrest\hamcrest-core\1.3\hamcrest-core-1.3.jar;C:\Users\Peyton\.m2\repository\org\testng\testng\7.6.1\testng-7.6.1.jar;C:\Users\Peyton\.m2\repository\com\google\code\findbugs\jsr305\3.0.2\jsr305-3.0.2.jar;C:\Users\Peyton\.m2\repository\org\slf4j\slf4j-api\1.7.36\slf4j-api-1.7.36.jar;C:\Users\Peyton\.m2\repository\com\beust\jcommander\1.82\jcommander-1.82.jar;C:\Users\Peyton\.m2\repository\org\webjars\jquery\3.6.0\jquery-3.6.0.jar;C:\Users\Peyton\.m2\repository\software\amazon\awssdk\auth\2.17.229\auth-2.17.229.jar;C:\Users\Peyton\.m2\repository\software\amazon\awssdk\annotations\2.17.229\annotations-2.17.229.jar;C:\Users\Peyton\.m2\repository\software\amazon\awssdk\utils\2.17.229\utils-2.17.229.jar;C:\Users\Peyton\.m2\repository\org\reactivestreams\reactive-streams\1.0.3\reactive-streams-1.0.3.jar;C:\Users\Peyton\.m2\repository\software\amazon\awssdk\sdk-core\2.17.229\sdk-core-2.17.229.jar;C:\Users\Peyton\.m2\repository\software\amazon\awssdk\regions\2.17.229\regions-2.17.229.jar;C:\Users\Peyton\.m2\repository\software\amazon\awssdk\profiles\2.17.229\profiles-2.17.229.jar;C:\Users\Peyton\.m2\repository\software\amazon\awssdk\http-client-spi\2.17.229\http-client-spi-2.17.229.jar;C:\Users\Peyton\.m2\repository\software\amazon\awssdk\json-utils\2.17.229\json-utils-2.17.229.jar;C:\Users\Peyton\.m2\repository\software\amazon\awssdk\third-party-jackson-core\2.17.229\third-party-jackson-core-2.17.229.jar;C:\Users\Peyton\.m2\repository\software\amazon\eventstream\eventstream\1.0.1\eventstream-1.0.1.jar;C:\Users\Peyton\.m2\repository\software\amazon\awssdk\rekognition\2.17.229\rekognition-2.17.229.jar;C:\Users\Peyton\.m2\repository\software\amazon\awssdk\aws-json-protocol\2.17.229\aws-json-protocol-2.17.229.jar;C:\Users\Peyton\.m2\repository\software\amazon\awssdk\protocol-core\2.17.229\protocol-core-2.17.229.jar;C:\Users\Peyton\.m2\repository\software\amazon\awssdk\aws-core\2.17.229\aws-core-2.17.229.jar;C:\Users\Peyton\.m2\repository\software\amazon\awssdk\metrics-spi\2.17.229\metrics-spi-2.17.229.jar;C:\Users\Peyton\.m2\repository\software\amazon\awssdk\apache-client\2.17.229\apache-client-2.17.229.jar;C:\Users\Peyton\.m2\repository\org\apache\httpcomponents\httpclient\4.5.13\httpclient-4.5.13.jar;C:\Users\Peyton\.m2\repository\commons-logging\commons-logging\1.2\commons-logging-1.2.jar;C:\Users\Peyton\.m2\repository\commons-codec\commons-codec\1.11\commons-codec-1.11.jar;C:\Users\Peyton\.m2\repository\org\apache\httpcomponents\httpcore\4.4.13\httpcore-4.4.13.jar;C:\Users\Peyton\.m2\repository\software\amazon\awssdk\netty-nio-client\2.17.229\netty-nio-client-2.17.229.jar;C:\Users\Peyton\.m2\repository\io\netty\netty-codec-http\4.1.77.Final\netty-codec-http-4.1.77.Final.jar;C:\Users\Peyton\.m2\repository\io\netty\netty-codec-http2\4.1.77.Final\netty-codec-http2-4.1.77.Final.jar;C:\Users\Peyton\.m2\repository\io\netty\netty-codec\4.1.77.Final\netty-codec-4.1.77.Final.jar;C:\Users\Peyton\.m2\repository\io\netty\netty-transport\4.1.77.Final\netty-transport-4.1.77.Final.jar;C:\Users\Peyton\.m2\repository\io\netty\netty-resolver\4.1.77.Final\netty-resolver-4.1.77.Final.jar;C:\Users\Peyton\.m2\repository\io\netty\netty-common\4.1.77.Final\netty-common-4.1.77.Final.jar;C:\Users\Peyton\.m2\repository\io\netty\netty-buffer\4.1.77.Final\netty-buffer-4.1.77.Final.jar;C:\Users\Peyton\.m2\repository\io\netty\netty-handler\4.1.77.Final\netty-handler-4.1.77.Final.jar;C:\Users\Peyton\.m2\repository\io\netty\netty-transport-classes-epoll\4.1.77.Final\netty-transport-classes-epoll-4.1.77.Final.jar;C:\Users\Peyton\.m2\repository\io\netty\netty-transport-native-unix-common\4.1.77.Final\netty-transport-native-unix-common-4.1.77.Final.jar;C:\Users\Peyton\.m2\repository\com\google\guava\failureaccess\1.0.1\failureaccess-1.0.1.jar;C:\Users\Peyton\.m2\repository\com\google\guava\listenablefuture\9999.0-empty-to-avoid-conflict-with-guava\listenablefuture-9999.0-empty-to-avoid-conflict-with-guava.jar;C:\Users\Peyton\.m2\repository\org\checkerframework\checker-qual\3.12.0\checker-qual-3.12.0.jar;C:\Users\Peyton\.m2\repository\com\google\errorprone\error_prone_annotations\2.11.0\error_prone_annotations-2.11.0.jar;C:\Users\Peyton\.m2\repository\com\google\j2objc\j2objc-annotations\1.3\j2objc-annotations-1.3.jar;C:\Users\Peyton\.m2\repository\com\miglayout\miglayout-swing\11.0\miglayout-swing-11.0.jar;C:\Users\Peyton\.m2\repository\com\miglayout\miglayout-core\11.0\miglayout-core-11.0.jar;C:\Users\Peyton\.m2\repository\org\apache\maven\surefire\surefire-testng\3.0.0-M7\surefire-testng-3.0.0-M7.jar;C:\Users\Peyton\.m2\repository\org\apache\maven\surefire\common-java5\3.0.0-M7\common-java5-3.0.0-M7.jar;C:\Users\Peyton\.m2\repository\org\apache\maven\surefire\surefire-testng-utils\3.0.0-M7\surefire-testng-utils-3.0.0-M7.jar;C:\Users\Peyton\.m2\repository\org\apache\maven\surefire\surefire-grouper\3.0.0-M7\surefire-grouper-3.0.0-M7.jar"/>
    <property name="user.script" value=""/>
    <property name="sun.management.compiler" value="HotSpot 64-Bit Tiered Compilers"/>
    <property name="java.runtime.version" value="18.0.2+9-61"/>
    <property name="user.name" value="Peyton"/>
    <property name="path.separator" value=";"/>
    <property name="os.version" value="10.0"/>
    <property name="java.runtime.name" value="Java(TM) SE Runtime Environment"/>
    <property name="file.encoding" value="UTF-8"/>
    <property name="java.vm.name" value="Java HotSpot(TM) 64-Bit Server VM"/>
    <property name="localRepository" value="C:\Users\Peyton\.m2\repository"/>
    <property name="java.vendor.url.bug" value="https://bugreport.java.com/bugreport/"/>
    <property name="java.io.tmpdir" value="C:\Users\Peyton\AppData\Local\Temp\"/>
    <property name="java.version" value="18.0.2"/>
    <property name="user.dir" value="C:\Users\Peyton\IdeaProjects\catpoint-parent\Security"/>
    <property name="os.arch" value="amd64"/>
    <property name="java.vm.specification.name" value="Java Virtual Machine Specification"/>
    <property name="sun.os.patch.level" value=""/>
    <property name="native.encoding" value="Cp1252"/>
    <property name="java.library.path" value="C:\Program Files\Java\jdk-18.0.2\bin;C:\windows\Sun\Java\bin;C:\windows\system32;C:\windows;C:\Program Files\Common Files\Oracle\Java\javapath;C:\windows\system32;C:\windows;C:\windows\System32\Wbem;C:\windows\System32\WindowsPowerShell\v1.0\;C:\windows\System32\OpenSSH\;C:\Program Files\Git\cmd;C:\Apps\apache-maven-3.8.6\bin;C:\Users\Peyton\AppData\Local\Microsoft\WindowsApps;C:\Program Files\JetBrains\IntelliJ IDEA Community Edition 2022.2\bin;;;."/>
    <property name="java.vm.info" value="mixed mode"/>
    <property name="java.vendor" value="Oracle Corporation"/>
    <property name="java.vm.version" value="18.0.2+9-61"/>
    <property name="sun.io.unicode.encoding" value="UnicodeLittle"/>
    <property name="java.class.version" value="62.0"/>
  </properties>
  <testcase name="addition on addition(com.udacity.catpoint.SecurityTest)" classname="com.udacity.catpoint.SecurityTest" time="0.008">
    <failure message="1+2 should equal 3 expected [4] but found [3]" type="java.lang.AssertionError"><![CDATA[java.lang.AssertionError: 1+2 should equal 3 expected [4] but found [3]
	at org.testng.Assert.fail(Assert.java:110)
	at org.testng.Assert.failNotEquals(Assert.java:1413)
	at org.testng.Assert.assertEqualsImpl(Assert.java:149)
	at org.testng.Assert.assertEquals(Assert.java:131)
	at org.testng.Assert.assertEquals(Assert.java:1240)
	at com.udacity.security@1.0-SNAPSHOT/com.udacity.catpoint.SecurityTest.addition(SecurityTest.java:20)
	at java.base/jdk.internal.reflect.DirectMethodHandleAccessor.invoke(DirectMethodHandleAccessor.java:104)
	at java.base/java.lang.reflect.Method.invoke(Method.java:577)
	at org.junit.runners.model.FrameworkMethod$1.runReflectiveCall(FrameworkMethod.java:59)
	at org.junit.internal.runners.model.ReflectiveCallable.run(ReflectiveCallable.java:12)
	at org.junit.runners.model.FrameworkMethod.invokeExplosively(FrameworkMethod.java:56)
	at org.junit.internal.runners.statements.InvokeMethod.evaluate(InvokeMethod.java:17)
	at org.junit.runners.ParentRunner$3.evaluate(ParentRunner.java:306)
	at org.junit.runners.BlockJUnit4ClassRunner$1.evaluate(BlockJUnit4ClassRunner.java:100)
	at org.junit.runners.ParentRunner.runLeaf(ParentRunner.java:366)
	at org.junit.runners.BlockJUnit4ClassRunner.runChild(BlockJUnit4ClassRunner.java:103)
	at org.junit.runners.BlockJUnit4ClassRunner.runChild(BlockJUnit4ClassRunner.java:63)
	at org.junit.runners.ParentRunner$4.run(ParentRunner.java:331)
	at org.junit.runners.ParentRunner$1.schedule(ParentRunner.java:79)
	at org.junit.runners.ParentRunner.runChildren(ParentRunner.java:329)
	at org.junit.runners.ParentRunner.access$100(ParentRunner.java:66)
	at org.junit.runners.ParentRunner$2.evaluate(ParentRunner.java:293)
	at org.junit.runners.ParentRunner$3.evaluate(ParentRunner.java:306)
	at org.junit.runners.ParentRunner.run(ParentRunner.java:413)
	at org.junit.runner.JUnitCore.run(JUnitCore.java:137)
	at org.junit.runner.JUnitCore.run(JUnitCore.java:115)
	at org.testng.junit.JUnit4TestRunner.start(JUnit4TestRunner.java:71)
	at org.testng.junit.JUnit4TestRunner.run(JUnit4TestRunner.java:56)
	at org.testng.TestRunner$1.run(TestRunner.java:679)
	at java.base/java.util.ArrayList.forEach(ArrayList.java:1511)
	at org.testng.TestRunner.runJUnitWorkers(TestRunner.java:885)
	at org.testng.TestRunner.privateRunJUnit(TestRunner.java:708)
	at org.testng.TestRunner.run(TestRunner.java:599)
	at org.testng.SuiteRunner.runTest(SuiteRunner.java:433)
	at org.testng.SuiteRunner.runSequentially(SuiteRunner.java:427)
	at org.testng.SuiteRunner.privateRun(SuiteRunner.java:387)
	at org.testng.SuiteRunner.run(SuiteRunner.java:330)
	at org.testng.SuiteRunnerWorker.runSuite(SuiteRunnerWorker.java:52)
	at org.testng.SuiteRunnerWorker.run(SuiteRunnerWorker.java:95)
	at org.testng.TestNG.runSuitesSequentially(TestNG.java:1256)
	at org.testng.TestNG.runSuitesLocally(TestNG.java:1176)
	at org.testng.TestNG.runSuites(TestNG.java:1099)
	at org.testng.TestNG.run(TestNG.java:1067)
	at org.apache.maven.surefire.testng.TestNGExecutor.run(TestNGExecutor.java:151)
	at org.apache.maven.surefire.testng.TestNGDirectoryTestSuite.executeSingleClass(TestNGDirectoryTestSuite.java:111)
	at org.apache.maven.surefire.testng.TestNGDirectoryTestSuite.execute(TestNGDirectoryTestSuite.java:98)
	at org.apache.maven.surefire.testng.TestNGProvider.invoke(TestNGProvider.java:155)
	at org.apache.maven.surefire.booter.ForkedBooter.runSuitesInProcess(ForkedBooter.java:456)
	at org.apache.maven.surefire.booter.ForkedBooter.execute(ForkedBooter.java:169)
	at org.apache.maven.surefire.booter.ForkedBooter.run(ForkedBooter.java:595)
	at org.apache.maven.surefire.booter.ForkedBooter.main(ForkedBooter.java:581)
]]></failure>
    <system-err><![CDATA[SLF4J: Failed to load class "org.slf4j.impl.StaticLoggerBinder".
SLF4J: Defaulting to no-operation (NOP) logger implementation
SLF4J: See http://www.slf4j.org/codes.html#StaticLoggerBinder for further details.
]]></system-err>
  </testcase>
  <testcase name="test on test(com.udacity.catpoint.SecurityTest)" classname="com.udacity.catpoint.SecurityTest" time="0.001">
    <system-out><![CDATA[hi
]]></system-out>
  </testcase>
</testsuite>